[BEGIN] 2016/5/13 11:40:16
ps -ef  
UID        PID  PPID  C STIME TTY          TIME CMD
root         1     0  0  2015 ?        00:01:44 /sbin/init
root         2     0  0  2015 ?        00:00:00 [kthreadd]
root         3     2  0  2015 ?        00:03:56 [migration/0]
root         4     2  0  2015 ?        00:15:55 [ksoftirqd/0]
root         5     2  0  2015 ?        00:00:00 [migration/0]
root         6     2  0  2015 ?        00:02:01 [watchdog/0]
root         7     2  0  2015 ?        00:04:40 [migration/1]
root         8     2  0  2015 ?        00:00:00 [migration/1]
root         9     2  0  2015 ?        00:11:06 [ksoftirqd/1]
root        10     2  0  2015 ?        00:01:57 [watchdog/1]
root        11     2  0  2015 ?        00:02:47 [migration/2]
root        12     2  0  2015 ?        00:00:00 [migration/2]
root        13     2  0  2015 ?        00:08:45 [ksoftirqd/2]
root        14     2  0  2015 ?        00:02:03 [watchdog/2]
root        15     2  0  2015 ?        00:02:34 [migration/3]
root        16     2  0  2015 ?        00:00:00 [migration/3]
root        17     2  0  2015 ?        00:09:07 [ksoftirqd/3]
root        18     2  0  2015 ?        00:02:05 [watchdog/3]
root        19     2  0  2015 ?        00:02:09 [migration/4]
root        20     2  0  2015 ?        00:00:00 [migration/4]
root        21     2  0  2015 ?        00:07:53 [ksoftirqd/4]
root        22     2  0  2015 ?        00:02:08 [watchdog/4]
root        23     2  0  2015 ?        00:01:48 [migration/5]
root        24     2  0  2015 ?        00:00:00 [migration/5]
root        25     2  0  2015 ?        00:06:33 [ksoftirqd/5]
root        26     2  0  2015 ?        00:02:05 [watchdog/5]
root        27     2  0  2015 ?        00:01:32 [migration/6]
root        28     2  0  2015 ?        00:00:00 [migration/6]
root        29     2  0  2015 ?        00:06:04 [ksoftirqd/6]
root        30     2  0  2015 ?        00:02:02 [watchdog/6]
root        31     2  0  2015 ?        00:01:27 [migration/7]
root        32     2  0  2015 ?        00:00:00 [migration/7]
root        33     2  0  2015 ?        00:05:39 [ksoftirqd/7]
root        34     2  0  2015 ?        00:02:00 [watchdog/7]
root        35     2  0  2015 ?        00:01:19 [migration/8]
root        36     2  0  2015 ?        00:00:00 [migration/8]
root        37     2  0  2015 ?        00:05:41 [ksoftirqd/8]
root        38     2  0  2015 ?        00:02:08 [watchdog/8]
root        39     2  0  2015 ?        00:01:12 [migration/9]
root        40     2  0  2015 ?        00:00:00 [migration/9]
root        41     2  0  2015 ?        00:05:23 [ksoftirqd/9]
root        42     2  0  2015 ?        00:02:11 [watchdog/9]
root        43     2  0  2015 ?        00:01:16 [migration/10]
root        44     2  0  2015 ?        00:00:00 [migration/10]
root        45     2  0  2015 ?        00:05:14 [ksoftirqd/10]
root        46     2  0  2015 ?        00:02:06 [watchdog/10]
root        47     2  0  2015 ?        00:01:12 [migration/11]
root        48     2  0  2015 ?        00:00:00 [migration/11]
root        49     2  0  2015 ?        00:05:14 [ksoftirqd/11]
root        50     2  0  2015 ?        00:02:09 [watchdog/11]
root        51     2  0  2015 ?        01:18:38 [migration/12]
root        52     2  0  2015 ?        00:00:00 [migration/12]
root        53     2  0  2015 ?        03:22:34 [ksoftirqd/12]
root        54     2  0  2015 ?        00:02:56 [watchdog/12]
root        55     2  0  2015 ?        00:03:35 [migration/13]
root        56     2  0  2015 ?        00:00:00 [migration/13]
root        57     2  0  2015 ?        00:06:15 [ksoftirqd/13]
root        58     2  0  2015 ?        00:02:02 [watchdog/13]
root        59     2  0  2015 ?        00:02:07 [migration/14]
root        60     2  0  2015 ?        00:00:00 [migration/14]
root        61     2  0  2015 ?        00:36:07 [ksoftirqd/14]
root        62     2  0  2015 ?        00:02:23 [watchdog/14]
root        63     2  0  2015 ?        00:04:36 [migration/15]
root        64     2  0  2015 ?        00:00:00 [migration/15]
root        65     2  0  2015 ?        00:07:12 [ksoftirqd/15]
root        66     2  0  2015 ?        00:02:05 [watchdog/15]
root        67     2  0  2015 ?        00:31:23 [events/0]
root        68     2  0  2015 ?        00:33:07 [events/1]
root        69     2  0  2015 ?        00:36:06 [events/2]
root        70     2  0  2015 ?        00:34:12 [events/3]
root        71     2  0  2015 ?        00:34:43 [events/4]
root        72     2  0  2015 ?        00:33:07 [events/5]
root        73     2  0  2015 ?        00:33:36 [events/6]
root        74     2  0  2015 ?        00:32:30 [events/7]
root        75     2  0  2015 ?        00:30:35 [events/8]
root        76     2  0  2015 ?        00:30:13 [events/9]
root        77     2  0  2015 ?        00:31:45 [events/10]
root        78     2  0  2015 ?        00:31:42 [events/11]
root        79     2  0  2015 ?        01:05:01 [events/12]
root        80     2  0  2015 ?        00:32:37 [events/13]
root        81     2  0  2015 ?        00:45:31 [events/14]
root        82     2  0  2015 ?        00:37:52 [events/15]
root        83     2  0  2015 ?        00:00:00 [cgroup]
root        84     2  0  2015 ?        00:00:00 [khelper]
root        85     2  0  2015 ?        00:00:00 [netns]
root        86     2  0  2015 ?        00:00:00 [async/mgr]
root        87     2  0  2015 ?        00:00:00 [pm]
root        88     2  0  2015 ?        00:03:43 [sync_supers]
root        89     2  0  2015 ?        00:04:40 [bdi-default]
root        90     2  0  2015 ?        00:00:00 [kintegrityd/0]
root        91     2  0  2015 ?        00:00:00 [kintegrityd/1]
root        92     2  0  2015 ?        00:00:00 [kintegrityd/2]
root        93     2  0  2015 ?        00:00:00 [kintegrityd/3]
root        94     2  0  2015 ?        00:00:00 [kintegrityd/4]
root        95     2  0  2015 ?        00:00:00 [kintegrityd/5]
root        96     2  0  2015 ?        00:00:00 [kintegrityd/6]
root        97     2  0  2015 ?        00:00:00 [kintegrityd/7]
root        98     2  0  2015 ?        00:00:00 [kintegrityd/8]
root        99     2  0  2015 ?        00:00:00 [kintegrityd/9]
root       100     2  0  2015 ?        00:00:00 [kintegrityd/10]
root       101     2  0  2015 ?        00:00:00 [kintegrityd/11]
root       102     2  0  2015 ?        00:00:00 [kintegrityd/12]
root       103     2  0  2015 ?        00:00:00 [kintegrityd/13]
root       104     2  0  2015 ?        00:00:00 [kintegrityd/14]
root       105     2  0  2015 ?        00:00:00 [kintegrityd/15]
root       106     2  0  2015 ?        08:32:09 [kblockd/0]
root       107     2  0  2015 ?        00:00:03 [kblockd/1]
root       108     2  0  2015 ?        00:00:02 [kblockd/2]
root       109     2  0  2015 ?        00:00:02 [kblockd/3]
root       110     2  0  2015 ?        00:00:02 [kblockd/4]
root       111     2  0  2015 ?        00:00:02 [kblockd/5]
root       112     2  0  2015 ?        00:00:01 [kblockd/6]
root       113     2  0  2015 ?        00:00:01 [kblockd/7]
root       114     2  0  2015 ?        00:00:01 [kblockd/8]
root       115     2  0  2015 ?        00:00:01 [kblockd/9]
root       116     2  0  2015 ?        00:00:01 [kblockd/10]
root       117     2  0  2015 ?        00:00:01 [kblockd/11]
root       118     2  0  2015 ?        00:00:14 [kblockd/12]
root       119     2  0  2015 ?        00:00:02 [kblockd/13]
root       120     2  0  2015 ?        00:18:12 [kblockd/14]
root       121     2  0  2015 ?        00:00:02 [kblockd/15]
root       122     2  0  2015 ?        00:00:00 [kacpid]
root       123     2  0  2015 ?        00:00:00 [kacpi_notify]
root       124     2  0  2015 ?        00:00:00 [kacpi_hotplug]
root       125     2  0  2015 ?        00:00:00 [ata_aux]
root       126     2  0  2015 ?        00:00:00 [ata_sff/0]
root       127     2  0  2015 ?        00:00:00 [ata_sff/1]
root       128     2  0  2015 ?        00:00:00 [ata_sff/2]
root       129     2  0  2015 ?        00:00:00 [ata_sff/3]
root       130     2  0  2015 ?        00:00:00 [ata_sff/4]
root       131     2  0  2015 ?        00:00:00 [ata_sff/5]
root       132     2  0  2015 ?        00:00:00 [ata_sff/6]
root       133     2  0  2015 ?        00:00:00 [ata_sff/7]
root       134     2  0  2015 ?        00:00:00 [ata_sff/8]
root       135     2  0  2015 ?        00:00:00 [ata_sff/9]
root       136     2  0  2015 ?        00:00:00 [ata_sff/10]
root       137     2  0  2015 ?        00:00:00 [ata_sff/11]
root       138     2  0  2015 ?        00:00:00 [ata_sff/12]
root       139     2  0  2015 ?        00:00:00 [ata_sff/13]
root       140     2  0  2015 ?        00:00:00 [ata_sff/14]
root       141     2  0  2015 ?        00:00:00 [ata_sff/15]
root       142     2  0  2015 ?        00:00:00 [ksuspend_usbd]
root       143     2  0  2015 ?        00:00:00 [khubd]
root       144     2  0  2015 ?        00:00:00 [kseriod]
root       145     2  0  2015 ?        00:00:00 [md/0]
root       146     2  0  2015 ?        00:00:00 [md/1]
root       147     2  0  2015 ?        00:00:00 [md/2]
root       148     2  0  2015 ?        00:00:00 [md/3]
root       149     2  0  2015 ?        00:00:00 [md/4]
root       150     2  0  2015 ?        00:00:00 [md/5]
root       151     2  0  2015 ?        00:00:00 [md/6]
root       152     2  0  2015 ?        00:00:00 [md/7]
root       153     2  0  2015 ?        00:00:00 [md/8]
root       154     2  0  2015 ?        00:00:00 [md/9]
root       155     2  0  2015 ?        00:00:00 [md/10]
root       156     2  0  2015 ?        00:00:00 [md/11]
root       157     2  0  2015 ?        00:00:00 [md/12]
root       158     2  0  2015 ?        00:00:00 [md/13]
root       159     2  0  2015 ?        00:00:00 [md/14]
root       160     2  0  2015 ?        00:00:00 [md/15]
root       161     2  0  2015 ?        00:00:00 [md_misc/0]
root       162     2  0  2015 ?        00:00:00 [md_misc/1]
root       163     2  0  2015 ?        00:00:00 [md_misc/2]
root       164     2  0  2015 ?        00:00:00 [md_misc/3]
root       165     2  0  2015 ?        00:00:00 [md_misc/4]
root       166     2  0  2015 ?        00:00:00 [md_misc/5]
root       167     2  0  2015 ?        00:00:00 [md_misc/6]
root       168     2  0  2015 ?        00:00:00 [md_misc/7]
root       169     2  0  2015 ?        00:00:00 [md_misc/8]
root       170     2  0  2015 ?        00:00:00 [md_misc/9]
root       171     2  0  2015 ?        00:00:00 [md_misc/10]
root       172     2  0  2015 ?        00:00:00 [md_misc/11]
root       173     2  0  2015 ?        00:00:00 [md_misc/12]
root       174     2  0  2015 ?        00:00:00 [md_misc/13]
root       175     2  0  2015 ?        00:00:00 [md_misc/14]
root       176     2  0  2015 ?        00:00:00 [md_misc/15]
root       177     2  0  2015 ?        00:00:00 [linkwatch]
root       178     2  0  2015 ?        00:01:02 [khungtaskd]
root       179     2  0  2015 ?        01:00:23 [kswapd0]
root       180     2  0  2015 ?        00:00:00 [ksmd]
root       181     2  0  2015 ?        00:10:41 [khugepaged]
root       182     2  0  2015 ?        00:00:00 [aio/0]
root       183     2  0  2015 ?        00:00:00 [aio/1]
root       184     2  0  2015 ?        00:00:00 [aio/2]
root       185     2  0  2015 ?        00:00:00 [aio/3]
root       186     2  0  2015 ?        00:00:00 [aio/4]
root       187     2  0  2015 ?        00:00:00 [aio/5]
root       188     2  0  2015 ?        00:00:00 [aio/6]
root       189     2  0  2015 ?        00:00:00 [aio/7]
root       190     2  0  2015 ?        00:00:00 [aio/8]
root       191     2  0  2015 ?        00:00:00 [aio/9]
root       192     2  0  2015 ?        00:00:00 [aio/10]
root       193     2  0  2015 ?        00:00:00 [aio/11]
root       194     2  0  2015 ?        00:00:00 [aio/12]
root       195     2  0  2015 ?        00:00:00 [aio/13]
root       196     2  0  2015 ?        00:00:00 [aio/14]
root       197     2  0  2015 ?        00:00:00 [aio/15]
root       198     2  0  2015 ?        00:00:00 [crypto/0]
root       199     2  0  2015 ?        00:00:00 [crypto/1]
root       200     2  0  2015 ?        00:00:00 [crypto/2]
root       201     2  0  2015 ?        00:00:00 [crypto/3]
root       202     2  0  2015 ?        00:00:00 [crypto/4]
root       203     2  0  2015 ?        00:00:00 [crypto/5]
root       204     2  0  2015 ?        00:00:00 [crypto/6]
root       205     2  0  2015 ?        00:00:00 [crypto/7]
root       206     2  0  2015 ?        00:00:00 [crypto/8]
root       207     2  0  2015 ?        00:00:00 [crypto/9]
root       208     2  0  2015 ?        00:00:00 [crypto/10]
root       209     2  0  2015 ?        00:00:00 [crypto/11]
root       210     2  0  2015 ?        00:00:00 [crypto/12]
root       211     2  0  2015 ?        00:00:00 [crypto/13]
root       212     2  0  2015 ?        00:00:00 [crypto/14]
root       213     2  0  2015 ?        00:00:00 [crypto/15]
root       218     2  0  2015 ?        00:00:00 [kthrotld/0]
root       219     2  0  2015 ?        00:00:00 [kthrotld/1]
root       220     2  0  2015 ?        00:00:00 [kthrotld/2]
root       221     2  0  2015 ?        00:00:00 [kthrotld/3]
root       222     2  0  2015 ?        00:00:00 [kthrotld/4]
root       223     2  0  2015 ?        00:00:00 [kthrotld/5]
root       224     2  0  2015 ?        00:00:00 [kthrotld/6]
root       225     2  0  2015 ?        00:00:00 [kthrotld/7]
root       226     2  0  2015 ?        00:00:00 [kthrotld/8]
root       227     2  0  2015 ?        00:00:00 [kthrotld/9]
root       228     2  0  2015 ?        00:00:00 [kthrotld/10]
root       229     2  0  2015 ?        00:00:00 [kthrotld/11]
root       230     2  0  2015 ?        00:00:00 [kthrotld/12]
root       231     2  0  2015 ?        00:00:00 [kthrotld/13]
root       232     2  0  2015 ?        00:00:00 [kthrotld/14]
root       233     2  0  2015 ?        00:00:00 [kthrotld/15]
root       235     2  0  2015 ?        00:00:00 [kpsmoused]
root       236     2  0  2015 ?        00:00:00 [usbhid_resumer]
root       266     2  0  2015 ?        00:00:00 [kstriped]
root       372     2  0  2015 ?        00:00:00 [scsi_eh_0]
root       373     2  0  2015 ?        00:00:00 [scsi_eh_1]
root       504     2  0  2015 ?        00:00:00 [virtio-blk]
root       521     2  0  2015 ?        04:17:17 [jbd2/vda3-8]
root       522     2  0  2015 ?        00:00:00 [ext4-dio-unwrit]
root       614     1  0  2015 ?        00:00:00 /sbin/udevd -d
root       750     2  0  2015 ?        01:38:32 [flush-252:0]
root       806     2  0  2015 ?        00:00:00 [hd-audio0]
root       827     2  0  2015 ?        00:00:00 [vballoon]
root      1396     2  0  2015 ?        00:00:00 [jbd2/vda1-8]
root      1397     2  0  2015 ?        00:00:00 [ext4-dio-unwrit]
root      1444     2  0  2015 ?        00:00:58 [kauditd]
root      1658     1  0  2015 ?        00:02:39 auditd
root      1683     1  0  2015 ?        00:00:54 /sbin/rsyslogd -i /var/run/syslogd.pid -c 5
root      1712     1  0  2015 ?        01:07:10 irqbalance --pid=/var/run/irqbalance.pid
rpc       1726     1  0  2015 ?        00:01:30 rpcbind
dbus      1840     1  0  2015 ?        00:00:13 dbus-daemon --system
root      1851     1  0  2015 ?        00:02:33 NetworkManager --pid-file=/var/run/NetworkManager/NetworkManager.pid
root      1855     1  0  2015 ?        00:00:00 /usr/sbin/modem-manager
rpcuser   1872     1  0  2015 ?        00:00:00 rpc.statd
root      1907     1  0  2015 ?        00:00:00 /usr/sbin/wpa_supplicant -c /etc/wpa_supplicant/wpa_supplicant.conf -B -u -f /var/log/wpa_supplicant.l
root      1931     1  0  2015 ?        00:00:00 cupsd -C /etc/cups/cupsd.conf
root      1942     1  0  2015 ?        00:00:00 /usr/sbin/acpid
68        1951     1  0  2015 ?        00:05:48 hald
root      1952  1951  0  2015 ?        00:00:00 hald-runner
root      1993  1952  0  2015 ?        00:00:00 hald-addon-input: Listening on /dev/input/event2 /dev/input/event0
68        1998  1952  0  2015 ?        00:00:00 hald-addon-acpi: listening on acpid socket /var/run/acpid.socket
root      2023     1  0  2015 ?        00:13:40 automount --pid-file /var/run/autofs.pid
root      2124     1  0  2015 ?        00:05:36 /usr/libexec/postfix/master
postfix   2133  2124  0  2015 ?        00:01:15 qmgr -l -t fifo -u
root      2148     1  0  2015 ?        00:00:00 /usr/sbin/abrtd
root      2156     1  0  2015 ?        00:05:35 crond
root      2167     1  0  2015 ?        00:00:05 /usr/sbin/atd
root      2179     1  0  2015 ?        00:01:47 /usr/sbin/certmonger -S -p /var/run/certmonger.pid
root      2192     1  0  2015 ?        00:00:00 login -- root     
root      2194     1  0  2015 tty2     00:00:00 /sbin/mingetty /dev/tty2
root      2196     1  0  2015 tty3     00:00:00 /sbin/mingetty /dev/tty3
root      2198     1  0  2015 tty4     00:00:00 /sbin/mingetty /dev/tty4
root      2200     1  0  2015 tty5     00:00:00 /sbin/mingetty /dev/tty5
root      2202     1  0  2015 tty6     00:00:00 /sbin/mingetty /dev/tty6
root      2217     1  0  2015 ?        00:00:01 /usr/sbin/console-kit-daemon --no-daemon
root      2284  2192  0  2015 tty1     00:00:01 -bash
root      6704 11224  0 11:35 ?        00:00:00 sshd: admin [priv]
admin     6910  6704  0 11:35 ?        00:00:00 sshd: admin@pts/3
admin     6912  6910  0 11:35 pts/3    00:00:00 -bash
root     11224     1  0  2015 ?        00:00:00 /usr/sbin/sshd
root     13239     1  9 Apr29 ?        1-07:34:33 /data/mongodb/service/mongodb-linux-x86_64-2.6.6-ent/bin/mongod -f /data/mongodb/config/mongodb.conf
root     15854 25986  0 11:40 pts/2    00:00:00 ps -ef
root     16296 11224  0 10:42 ?        00:00:00 sshd: admin [priv]
zabbix   16420     1  0 Jan21 ?        00:00:00 /usr/local/zabbix/sbin/zabbix_agentd
zabbix   16422 16420  0 Jan21 ?        01:13:19 /usr/local/zabbix/sbin/zabbix_agentd: collector [idle 1 sec]
zabbix   16423 16420  0 Jan21 ?        00:09:28 /usr/local/zabbix/sbin/zabbix_agentd: listener #1 [waiting for connection]
zabbix   16424 16420  0 Jan21 ?        00:09:27 /usr/local/zabbix/sbin/zabbix_agentd: listener #2 [waiting for connection]
zabbix   16425 16420  0 Jan21 ?        00:09:29 /usr/local/zabbix/sbin/zabbix_agentd: listener #3 [waiting for connection]
zabbix   16426 16420  0 Jan21 ?        00:35:00 /usr/local/zabbix/sbin/zabbix_agentd: active checks #1 [idle 1 sec]
admin    16431 16296  0 10:43 ?        00:00:00 sshd: admin@pts/0
admin    16432 16431  0 10:43 pts/0    00:00:00 -bash
root     17424 11224  0 10:45 ?        00:00:00 sshd: admin [priv]
admin    17453 17424  0 10:45 ?        00:00:00 sshd: admin@pts/1
admin    17455 17453  0 10:45 pts/1    00:00:00 -bash
root     17979   614  0  2015 ?        00:00:00 /sbin/udevd -d
root     17980   614  0  2015 ?        00:00:00 /sbin/udevd -d
root     19362 11224  0 10:53 ?        00:00:00 sshd: admin [priv]
admin    19399 19362  0 10:54 ?        00:00:01 sshd: admin@pts/2
admin    19400 19399  0 10:54 pts/2    00:00:00 -bash
root     19644     1  5 Apr22 ?        1-02:06:47 /data/mongodb/service/mongodb-linux-x86_64-2.6.6-ent/bin/mongos -f /data/mongodb/config/mongos.conf
root     20890     2  0  2015 ?        07:11:59 [jbd2/vdb1-8]
root     20891     2  0  2015 ?        00:00:00 [ext4-dio-unwrit]
root     21626     2  0  2015 ?        02:37:49 [flush-252:16]
root     21748     1  1  2015 ?        2-20:48:03 ./mongod -f /data/mongodb/config/configsvr.conf
mongod   24547     1  0  2015 ?        07:05:30 /var/lib/mongodb-mms-automation/mongodb-mms-monitoring-agent-2.9.0.164-1.linux_x86_64/mongodb-mms-moni
mongod   24564     1  0  2015 ?        03:43:01 /var/lib/mongodb-mms-automation/mongodb-mms-backup-agent-3.0.0.246-1.linux_x86_64/mongodb-mms-backup-a
root     25887 19400  0 11:12 pts/2    00:00:00 su -
root     25986 25887  0 11:12 pts/2    00:00:00 -bash
postfix  27584  2124  0 11:30 ?        00:00:00 pickup -l -t fifo -u
mongod   27971     1  6  2015 ?        31-06:18:30 /opt/mongodb-mms-automation/bin/mongodb-mms-automation-agent -f /etc/mongodb-mms/automation-agent.c
root     31964     1  0  2015 ?        05:53:51 /usr/bin/python /usr/bin/salt-minion -d
]0;root@vm242:~[root@vm242 ~]# df -h 
Filesystem      Size  Used Avail Use% Mounted on
/dev/vda3       193G   16G  168G   9% /
tmpfs           7.8G     0  7.8G   0% /dev/shm
/dev/vda1       194M   34M  151M  19% /boot
/dev/vdb1       673G  349G  291G  55% /mongodbData
]0;root@vm242:~[root@vm242 ~]# i[Kcat /etc/rc.local 
#!/bin/sh
#
# This script will be executed *after* all the other init scripts.
# You can put your own initialization stuff in here if you don't
# want to do the full Sys V style init stuff.

touch /var/lock/subsys/local
/etc/init.d/zabbix_agentd start
/data/mongodb/service/mongodb-linux-x86_64-2.6.6-ent/bin/mongod -f /data/mongodb/config/mongodb.conf
/data/mongodb/service/mongodb-linux-x86_64-2.6.6-ent/bin/mongod -f /data/mongodb/config/configsvr.conf
/data/mongodb/service/mongodb-linux-x86_64-2.6.6-ent/bin/mongos -f /data/mongodb/config/mongos.conf
mount /dev/vdb1 /mongodbData
]0;root@vm242:~[root@vm242 ~]# 
[END] 2016/5/13 11:40:53
